<?xml version="1.0" encoding="UTF-8"?>
<!-- Generated by org.testng.reporters.JUnitReportReporter -->
<testsuite hostname="Dream" failures="0" tests="1" name="test.PatchCallBDD" time="0.577" errors="0" timestamp="2023-02-16T13:08:07 MST" skipped="0">
  <testcase classname="test.PatchCallBDD" name="Patch_Api" time="0.577"/>
  <system-out/>
</testsuite> <!-- test.PatchCallBDD -->
