<?xml version="1.0" encoding="UTF-8"?>
<!-- Generated by org.testng.reporters.JUnitReportReporter -->
<testsuite hostname="Dream" failures="0" tests="1" name="test.PostCallBDD" time="0.558" errors="0" timestamp="2023-02-16T13:08:07 MST" skipped="0">
  <testcase classname="test.PostCallBDD" name="Post_Api" time="0.558"/>
  <system-out/>
</testsuite> <!-- test.PostCallBDD -->
