<?xml version="1.0" encoding="UTF-8"?>
<!-- Generated by org.testng.reporters.JUnitReportReporter -->
<testsuite hostname="Dream" failures="0" tests="1" name="test.PutCallBDD" time="0.571" errors="0" timestamp="2023-02-16T13:08:07 MST" skipped="0">
  <testcase classname="test.PutCallBDD" name="Put_Api" time="0.571"/>
  <system-out/>
</testsuite> <!-- test.PutCallBDD -->
