<?xml version="1.0" encoding="UTF-8"?>
<!-- Generated by org.testng.reporters.JUnitReportReporter -->
<testsuite hostname="Dream" failures="0" tests="1" name="test.GetCallBDD" time="1.494" errors="0" timestamp="2023-02-16T13:08:07 MST" skipped="0">
  <testcase classname="test.GetCallBDD" name="Circuits2022_Season" time="1.494"/>
  <system-out/>
</testsuite> <!-- test.GetCallBDD -->
